38478
31216
33339
34737
19940
23360
35344
35532
11008
21231
48045
43189
18850
38609
38582
42020
6097
33357
4482
19949
11072
1080
15223
3531
39317
34200
10860
32103
7452
31010
13384
28895
39612
48423
18960
31840
26242
32898
32073
28426
3261
26737
17700
17839
10704
35681
95
26138
48279
32786
24104
49407
4261
6481
23576
30370
12319
31682
10397
41181
47359
48622
12857
4891
28636
3901
17024
7746
31253
12422
40166
14270
148
20844
20682
12780
3428
5674
5577
4696
40882
2703
45133
2367
20567
36764
28525
23187
1603
18889
49479
47254
36202
20243
24321
39414
37968
13879
38206
25840
40233
19919
21865
30129
7756
22248
26660
6843
16963
17382
41117
13894
13641
27473
43667
24290
14290
32532
40714
10818
20654
46549
45955
39038
46524
27639
8311
10216
14561
37159
25778
40350
9995
47832
27137
22008
7579
21642
46291
37150
10761
2336
23625
35168
16322
7478
32016
2807
616
27167
3360
23023
44505
14143
27693
34637
43401
22187
33807
33466
48357
6898
48714
46434
22301
44905
18218
11414
39468
28691
4634
24997
48431
29420
7344
29136
29573
33675
10034
8771
29302
46806
2733
5719
19158
39858
21726
49124
32940
11821
26751
35226
13161
39563
43743
23747
7596
21632
5756
27308
17422
1169
15229
25659
44002
12763
18545
900
43074
7174
40303
46502
38173
48377
14961
28950
28122
38664
46156
11080
13009
30033
40601
4128
23658
45368
36205
2019
6609
35304
16016
41101
15880
47460
3096
8815
4371
21307
18538
4058
5351
9932
31380
28961
25959
33309
11299
32092
9161
19375
30248
33404
49931
1654
43199
28476
25847
46985
45870
10259
41088
26364
35006
31513
7205
26584
5313
37197
44392
47457
17158
35617
30350
10520
3808
1469
32550
9538
5577
43223
36817
8974
24050
3459
31187
11320
37818
20294
46624
4684
17559
2503
18366
22694
23124
11905
46958
29667
31710
41897
36755
5147
49771
7514
8116
25139
43305
2165
5544
10613
41472
23747
42283
39321
22661
8746
37841
7637
26014
25900
38393
8783
9611
42459
28648
47034
32232
43377
35050
16105
26218
24560
46976
4604
27349
7252
37099
20587
8780
18035
1385
36329
39881
47288
12571
35145
10318
20598
20940
25045
2009
6664
8976
45183
2346
49417
35152
34903
23575
40439
535
17751
48976
40699
13493
12674
19095
40065
39311
13075
20654
13861
35371
13058
20417
16643
49708
30862
24173
17734
8742
46815
34233
18917
33071
19474
19554
3719
45747
27253
32576
47739
42932
27866
27313
28591
27508
12558
42277
9496
39965
27932
39337
7824
21153
5628
37649
45054
16144
9683
32837
4404
18266
6628
497
24020
6115
42087
40656
34317
31823
22953
44334
36561
27237
37907
4904
17284
1804
29650
35030
12344
26063
16259
49031
47244
42626
15561
21726
27809
2238
12637
29627
20548
3522
4129
44486
43641
19415
11072
8525
4298
10354
40892
45656
20288
45054
47632
27257
9379
2925
13272
47629
26423
46816
27344
44759
10813
36386
17813
34813
35263
39876
49488
16097
45
7156
47399
34760
47298
37836
22217
26508
42772
18805
29462
2418
28054
45118
49367
10749
28271
11392
14425
24659
14720
17451
18732
28093
21073
