1204588478
1589331216
2338633338
1448584735
882219940
2400723359
1657135339
2290385526
1276211008
18071229
1603798035
982743179
1743168849
1778638598
1914488571
621442007
1608356097
1877383349
475354482
416669944
1658061069
2465451080
849465218
1493053530
1187289296
2063384185
1541360856
2000882089
1583007448
106180996
2470863376
1406228880
979489583
202448390
1825818949
1206531821
2193276226
245532876
333932052
1396828409
1324903260
1402526719
1628717689
1228817827
1295110698
982735645
2385850095
1001576117
729198232
329232755
513224083
2169349356
2102954257
1760156474
1035373553
603880340
281912306
1805781648
217760388
1614541128
1814547303
929848562
218562842
685104885
534228603
256903897
1294367004
1148307735
1227231212
1702912404
873840105
2164614249
608600147
1859520813
2159020651
2449912760
983603424
55455664
1070655567
1553554687
1353040811
429602700
1031695057
2271352364
1272470529
1457886696
1635578476
2310373145
573851600
827918853
1172449389
2135897170
1913736130
2013270203
1906874272
661389334
1010337892
852813849
2025938128
1743425789
2078690146
1863319880
2426271818
1053830068
312857736
165222199
1202726602
244406825
1670416928
1826367345
1061691019
743713861
269463609
1646627408
1224393562
868424231
1537764254
1803282451
485140611
1349460794
833670602
2088296436
2240445842
1619488938
1836846409
733277569
2138158289
987010193
231914521
1586937060
1660575711
2404790238
1989859972
1833097705
455327063
710021947
180157559
54671581
41496164
1933937045
921760733
1257102332
1508473555
1302535065
1940866276
256207457
325631920
2288452800
1002850614
795777082
2400053350
1228372951
1989244367
872414097
1190677602
578884525
140493261
4322115
1461283695
706883354
850048201
1883206875
1438948554
777946284
1693672226
2026644757
1286518160
2184461375
943289331
175128591
754618
79224910
1193748263
768429316
7057319
790679031
461729466
726433551
437910001
900308739
2039029194
2450496637
215552725
498305697
1864619089
547589705
405521646
558898939
834382812
1017511775
1525776649
290585086
1141563110
1423389405
1909943571
2461223654
1470107565
2449621550
1654405733
1355527198
2020567355
447351165
2450315165
687475555
634293820
1636362711
1936668471
1121000897
983192893
1833257144
386840127
1396796307
1240538010
1772948171
2433364895
81628822
2463027999
2220138493
801745958
1211461030
384012951
416979897
295690415
1242054111
2119323551
1722495165
1770286038
2147602012
328706579
2117235139
2066865942
2227140905
1644865806
961847239
1495653083
671558771
793854350
1690521206
1660468451
1662404039
2190755324
997409884
1497881224
196978815
1711475831
2454433141
294111239
1394331928
617959113
2166069277
428130091
1905483228
836699679
1117001647
410992977
301328330
1607225715
2333396744
1612845637
479310205
187940869
258226227
443934818
1992131345
420107166
280876445
1867955285
1815486993
273244154
1260497202
419267067
1205185418
594230183
680660462
2143953789
31401463
414182366
1138909484
532299802
78892981
1285636607
2438258921
934373916
1063203440
620331010
1271211248
2335687599
1472420179
747046356
2400054656
1040017457
2149252491
466118259
1340572560
2249522988
1701711828
1170446681
501379487
1940131517
1355941642
990786531
1213355114
356299471
841307464
1429458061
350824987
2380243039
2231252155
1314255507
1473610542
2426191209
419173598
846592016
2095839073
737172520
1912008687
1458187600
517257582
628175849
1086475736
1780938145
1022608721
471759544
2303042181
257778461
1964346728
123832017
1048793091
2452484818
1584815997
2176026047
1485824399
726596665
1834904574
1117877166
1946107202
2026886848
98470452
1893858716
2438917914
1006201379
555286077
987189603
922496963
1348162477
1100384901
2432610241
1191820457
2231070795
1728724872
428451999
1380306616
894658905
2344944865
1686502332
2444599066
1396384899
949584653
1577873409
222840143
1269550533
952017623
86948621
2070740399
537313386
221812573
708868955
2165089768
207339022
168262969
243370502
1985563750
546735103
2075162952
1679120266
1734366517
1347199335
1957480629
1852623988
1916217600
2033308675
643946461
1338983969
537168772
1644982814
58219324
1418769403
2266703692
885195397
996927038
2075732318
2322197366
1178492596
1926327645
1265677096
2350628364
294277288
926912456
1599641938
2096609419
2071639642
1059477706
2159839019
1554407758
2307020983
133255583
374887342
1406194690
261916013
1267259601
816482565
1859604370
607418118
177356575
94050495
1117873820
173506063
2076941731
953140310
644684026
1872231555
1011322762
1628543959
401436249
1188727008
1928387583
2317754862
2106317141
1139051792
2188729392
609484727
700812233
314825840
516866119
1016148605
1659096834
1567142251
59115425
1805599756
860077564
1734102222
2312012521
1750529362
1167570370
1638803493
1520204093
1748994089
2082343249
2128219243
369010966
1203308446
308754260
1275810254
1970290515
829245245
835620105
1580449960
1781447197
927327008
1483409289
2081202901
1103813139
1070247190
1399976179
301896387
2316477088
961844346
806660705
1883836044
2311167647
1391384487
694584928
1411739500
421399021
247465946
1624200045
816457089
1640446949
538084431
1529046848
698037476
1987322005
92476257
1772742362
690418628
278679175
2144852397
946477780
1771944684
997548888
1199860639
1897927994
363161271
1319564276
1439674419
2292514569
1819117281
1787868549
89677811
1234120862
