This is XeTeX, Version 3.1415926-2.3-0.9997.5 (TeX Live 2011) (format=xelatex 2011.7.3)  4 SEP 2013 09:20
entering extended mode
 restricted \write18 enabled.
 %&-line parsing enabled.
**problems.tex
(./problems.tex
LaTeX2e <2009/09/24>
Babel <v3.8l> and hyphenation patterns for english, dumylang, nohyphenation, ge
rman-x-2009-06-19, ngerman-x-2009-06-19, afrikaans, ancientgreek, ibycus, arabi
c, armenian, basque, bulgarian, catalan, pinyin, coptic, croatian, czech, danis
h, dutch, ukenglish, usenglishmax, esperanto, estonian, ethiopic, farsi, finnis
h, french, galician, german, ngerman, swissgerman, monogreek, greek, hungarian,
 icelandic, assamese, bengali, gujarati, hindi, kannada, malayalam, marathi, or
iya, panjabi, tamil, telugu, indonesian, interlingua, irish, italian, kurmanji,
 lao, latin, latvian, lithuanian, mongolian, mongolianlmc, bokmal, nynorsk, pol
ish, portuguese, romanian, russian, sanskrit, serbian, serbianc, slovak, sloven
ian, spanish, swedish, turkish, turkmen, ukrainian, uppersorbian, welsh, loaded
.
(/usr/local/texlive/2011/texmf-dist/tex/latex/base/article.cls
Document Class: article 2007/10/19 v1.4h Standard LaTeX document class
(/usr/local/texlive/2011/texmf-dist/tex/latex/base/size11.clo
File: size11.clo 2007/10/19 v1.4h Standard LaTeX file (size option)
)
\c@part=\count80
\c@section=\count81
\c@subsection=\count82
\c@subsubsection=\count83
\c@paragraph=\count84
\c@subparagraph=\count85
\c@figure=\count86
\c@table=\count87
\abovecaptionskip=\skip41
\belowcaptionskip=\skip42
\bibindent=\dimen102
)
(/usr/local/texlive/2011/texmf-dist/tex/generic/babel/babel.sty
Package: babel 2008/07/06 v3.8l The Babel package

(/usr/local/texlive/2011/texmf-dist/tex/generic/babel/english.ldf
Language: english 2005/03/30 v3.3o English support from the babel system

(/usr/local/texlive/2011/texmf-dist/tex/generic/babel/babel.def
File: babel.def 2008/07/06 v3.8l Babel common definitions
\babel@savecnt=\count88
\U@D=\dimen103
)
\l@canadian = a dialect from \language\l@american 
\l@australian = a dialect from \language\l@british 
\l@newzealand = a dialect from \language\l@british 
)) (./olymp.sty
Package: olymp 
(/usr/local/texlive/2011/texmf-dist/tex/latex/graphics/graphics.sty
Package: graphics 2009/02/05 v1.0o Standard LaTeX Graphics (DPC,SPQR)

(/usr/local/texlive/2011/texmf-dist/tex/latex/graphics/trig.sty
Package: trig 1999/03/16 v1.09 sin cos tan (DPC)
)
(/usr/local/texlive/2011/texmf-dist/tex/latex/latexconfig/graphics.cfg
File: graphics.cfg 2010/04/23 v1.9 graphics configuration of TeX Live
)
Package graphics Info: Driver file: xetex.def on input line 91.

(/usr/local/texlive/2011/texmf-dist/tex/xelatex/xetex-def/xetex.def
File: xetex.def 2009/11/22 v0.94 LaTeX color/graphics driver for XeTeX (RRM/JK)

))
(/usr/local/texlive/2011/texmf-dist/tex/latex/amsmath/amsmath.sty
Package: amsmath 2000/07/18 v2.13 AMS math features
\@mathmargin=\skip43

For additional information on amsmath, use the `?' option.
(/usr/local/texlive/2011/texmf-dist/tex/latex/amsmath/amstext.sty
Package: amstext 2000/06/29 v2.01

(/usr/local/texlive/2011/texmf-dist/tex/latex/amsmath/amsgen.sty
File: amsgen.sty 1999/11/30 v2.0
\@emptytoks=\toks14
\ex@=\dimen104
))
(/usr/local/texlive/2011/texmf-dist/tex/latex/amsmath/amsbsy.sty
Package: amsbsy 1999/11/29 v1.2d
\pmbraise@=\dimen105
)
(/usr/local/texlive/2011/texmf-dist/tex/latex/amsmath/amsopn.sty
Package: amsopn 1999/12/14 v2.01 operator names
)
\inf@bad=\count89
LaTeX Info: Redefining \frac on input line 211.
\uproot@=\count90
\leftroot@=\count91
LaTeX Info: Redefining \overline on input line 307.
\classnum@=\count92
\DOTSCASE@=\count93
LaTeX Info: Redefining \ldots on input line 379.
LaTeX Info: Redefining \dots on input line 382.
LaTeX Info: Redefining \cdots on input line 467.
\Mathstrutbox@=\box26
\strutbox@=\box27
\big@size=\dimen106
LaTeX Font Info:    Redeclaring font encoding OML on input line 567.
LaTeX Font Info:    Redeclaring font encoding OMS on input line 568.
\macc@depth=\count94
\c@MaxMatrixCols=\count95
\dotsspace@=\muskip10
\c@parentequation=\count96
\dspbrk@lvl=\count97
\tag@help=\toks15
\row@=\count98
\column@=\count99
\maxfields@=\count100
\andhelp@=\toks16
\eqnshift@=\dimen107
\alignsep@=\dimen108
\tagshift@=\dimen109
\tagwidth@=\dimen110
\totwidth@=\dimen111
\lineht@=\dimen112
\@envbody=\toks17
\multlinegap=\skip44
\multlinetaggap=\skip45
\mathdisplay@stack=\toks18
LaTeX Info: Redefining \[ on input line 2666.
LaTeX Info: Redefining \] on input line 2667.
)
(/usr/local/texlive/2011/texmf-dist/tex/latex/amsfonts/amssymb.sty
Package: amssymb 2009/06/22 v3.00

(/usr/local/texlive/2011/texmf-dist/tex/latex/amsfonts/amsfonts.sty
Package: amsfonts 2009/06/22 v3.00 Basic AMSFonts support
\symAMSa=\mathgroup4
\symAMSb=\mathgroup5
LaTeX Font Info:    Overwriting math alphabet `\mathfrak' in version `bold'
(Font)                  U/euf/m/n --> U/euf/b/n on input line 96.
))
\exmpwidinf=\skip46
\exmpwidouf=\skip47
\exmpwidewid=\skip48
\afterproblemhead=\skip49
\afterconstraints=\skip50
\c@problem=\count101
)
(/usr/local/texlive/2011/texmf-dist/tex/latex/graphics/graphicx.sty
Package: graphicx 1999/02/16 v1.0f Enhanced LaTeX Graphics (DPC,SPQR)

(/usr/local/texlive/2011/texmf-dist/tex/latex/graphics/keyval.sty
Package: keyval 1999/03/16 v1.13 key=value parser (DPC)
\KV@toks@=\toks19
)
\Gin@req@height=\dimen113
\Gin@req@width=\dimen114
)
(/usr/local/texlive/2011/texmf-dist/tex/latex/graphics/color.sty
Package: color 2005/11/14 v1.0j Standard LaTeX Color (DPC)

(/usr/local/texlive/2011/texmf-dist/tex/latex/latexconfig/color.cfg
File: color.cfg 2007/01/18 v1.5 color configuration of teTeX/TeXLive
)
Package color Info: Driver file: xetex.def on input line 130.
)
(/usr/local/texlive/2011/texmf-dist/tex/latex/colortbl/colortbl.sty
Package: colortbl 2001/02/13 v0.1j Color table columns (DPC)

(/usr/local/texlive/2011/texmf-dist/tex/latex/tools/array.sty
Package: array 2008/09/09 v2.4c Tabular extension package (FMi)
\col@sep=\dimen115
\extrarowheight=\dimen116
\NC@list=\toks20
\extratabsurround=\skip51
\backup@length=\skip52
)
\everycr=\toks21
\minrowclearance=\skip53
)
(/usr/local/texlive/2011/texmf-dist/tex/latex/multirow/multirow.sty
\bigstrutjot=\dimen117
)
(/usr/local/texlive/2011/texmf-dist/tex/xelatex/xecjk/xeCJK.sty
Package: xeCJK 2011/05/01 2.3.19 package for typesetting CJK scripts with XeLaT
eX

(/usr/local/texlive/2011/texmf-dist/tex/generic/ifxetex/ifxetex.sty
Package: ifxetex 2010/09/12 v0.6 Provides ifxetex conditional
)
(/usr/local/texlive/2011/texmf-dist/tex/latex/fontspec/fontspec.sty
Package: fontspec 2011/02/26 v2.1f Advanced font selection for XeLaTeX/LuaLaTeX


(/usr/local/texlive/2011/texmf-dist/tex/latex/expl3/expl3.sty
(/usr/local/texlive/2011/texmf-dist/tex/latex/expl3/l3names.sty
Package: l3names 2011/01/08 v2122 L3 Experimental Naming Scheme for TeX Primiti
ves
)
Package: expl3 2011/04/09 v2222 L3 Experimental code bundle wrapper

(/usr/local/texlive/2011/texmf-dist/tex/latex/etex-pkg/etex.sty
Package: etex 1998/03/26 v2.0 eTeX basic definition package (PEB)
\et@xins=\count102
)
(/usr/local/texlive/2011/texmf-dist/tex/latex/expl3/l3basics.sty
Package: l3basics 2011/04/23 v2246 L3 Experimental basic definitions
)
(/usr/local/texlive/2011/texmf-dist/tex/latex/expl3/l3expan.sty
Package: l3expan 2011/04/09 v2223 L3 Experimental Argument Expansion module
)
(/usr/local/texlive/2011/texmf-dist/tex/latex/expl3/l3tl.sty
Package: l3tl 2011/04/09 v2223 L3 Experimental Token Lists
)
(/usr/local/texlive/2011/texmf-dist/tex/latex/expl3/l3int.sty
Package: l3int 2011/04/11 v2229 L3 Experimental Integer module
\l_tmpa_int=\count103
\l_tmpb_int=\count104
\l_tmpc_int=\count105
\g_tmpa_int=\count106
\g_tmpb_int=\count107
\c_max_int=\count108
\g_tl_inline_level_int=\count109
\g_prg_inline_level_int=\count110
)
(/usr/local/texlive/2011/texmf-dist/tex/latex/expl3/l3quark.sty
Package: l3quark 2011/04/14 v2234 L3 Experimental Quark Commands
)
(/usr/local/texlive/2011/texmf-dist/tex/latex/expl3/l3seq.sty
Package: l3seq 2011/04/21 v2245 The LaTeX3 kernel: sequences and stacks
\g_seq_nesting_depth_int=\count111
)
(/usr/local/texlive/2011/texmf-dist/tex/latex/expl3/l3toks.sty
Package: l3toks 2011/04/09 v2223 L3 Experimental Token Registers
\l_tmpb_toks=\toks22
\l_tmpc_toks=\toks23
\g_tmpa_toks=\toks24
\g_tmpb_toks=\toks25
\g_tmpc_toks=\toks26
\c_empty_toks=\toks27
\l_tl_replace_toks=\toks28
)
(/usr/local/texlive/2011/texmf-dist/tex/latex/expl3/l3prg.sty
Package: l3prg 2011/04/09 v2223 L3 Experimental control structures
)
(/usr/local/texlive/2011/texmf-dist/tex/latex/expl3/l3clist.sty
Package: l3clist 2011/04/09 v2223 L3 Experimental comma separated lists
\g_clist_map_inline_int=\count112
)
(/usr/local/texlive/2011/texmf-dist/tex/latex/expl3/l3token.sty
Package: l3token 2011/04/09 v2223 L3 Experimental token investigation and manip
ulation
)
(/usr/local/texlive/2011/texmf-dist/tex/latex/expl3/l3prop.sty
Package: l3prop 2011/04/09 v2223 L3 Experimental Property Lists
\g_prop_inline_level_int=\count113
)
(/usr/local/texlive/2011/texmf-dist/tex/latex/expl3/l3msg.sty
Package: l3msg 2010/10/02 v2052 L3 Experimental LaTeX Messages module
\l_msg_redirect_classes_prop=\toks29
\l_msg_redirect_names_prop=\toks30
\l_msg_redirect_fatal_prop=\toks31
\l_msg_redirect_error_prop=\toks32
\l_msg_redirect_warning_prop=\toks33
\l_msg_redirect_info_prop=\toks34
\l_msg_redirect_log_prop=\toks35
\l_msg_redirect_trace_prop=\toks36
\l_msg_redirect_none_prop=\toks37
)
(/usr/local/texlive/2011/texmf-dist/tex/latex/expl3/l3io.sty
Package: l3io 2010/10/03 v2063 L3 Experimental i/o module
\g_iow_streams_prop=\toks38
\g_ior_streams_prop=\toks39
\l_iow_stream_int=\count114
)
(/usr/local/texlive/2011/texmf-dist/tex/latex/expl3/l3skip.sty
Package: l3skip 2011/02/15 v2149 L3 Experimental skip registers
\l_tmpa_skip=\skip54
\l_tmpb_skip=\skip55
\l_tmpc_skip=\skip56
\g_tmpa_skip=\skip57
\g_tmpb_skip=\skip58
\l_tmpa_dim=\dimen118
\l_tmpb_dim=\dimen119
\l_tmpc_dim=\dimen120
\l_tmpd_dim=\dimen121
\g_tmpa_dim=\dimen122
\g_tmpb_dim=\dimen123
)
(/usr/local/texlive/2011/texmf-dist/tex/latex/expl3/l3box.sty
Package: l3box 2011/04/09 v2223 L3 Experimental Box module
\l_tmpb_box=\box28
)
(/usr/local/texlive/2011/texmf-dist/tex/latex/expl3/l3keyval.sty
Package: l3keyval 2011/04/09 v2223 L3 Experimental keyval processing
\l_KV_level_int=\count115
)
(/usr/local/texlive/2011/texmf-dist/tex/latex/expl3/l3keys.sty
Package: l3keys 2010/11/11 v2082 L3 Experimental key-value support
\l_keys_choice_int=\count116
)
(/usr/local/texlive/2011/texmf-dist/tex/latex/expl3/l3precom.sty
Package: l3precom 2011/04/09 v2223 L3 Experimental precompilation module
\g_gen_sym_int=\count117
\g_ggen_sym_int=\count118
)
(/usr/local/texlive/2011/texmf-dist/tex/latex/expl3/l3xref.sty
Package: l3xref 2011/04/09 v2223 L3 Experimental cross referencing
\g_xref_all_curr_immediate_fields_prop=\toks40
\g_xref_all_curr_deferred_fields_prop=\toks41
)
(/usr/local/texlive/2011/texmf-dist/tex/latex/expl3/l3file.sty
Package: l3file 2011/04/21 v2242 The LaTeX3 kernel: file operations
)
(/usr/local/texlive/2011/texmf-dist/tex/latex/expl3/l3fp.sty
Package: l3fp 2011/03/19 v2201 L3 Experimental floating-point operations
\c_one_million=\count119
\c_one_hundred_million=\count120
\c_five_hundred_million=\count121
\c_one_thousand_million=\count122
\c_fp_pi_by_four_decimal_int=\count123
\c_fp_pi_by_four_extended_int=\count124
\c_fp_pi_decimal_int=\count125
\c_fp_pi_extended_int=\count126
\c_fp_two_pi_decimal_int=\count127
\c_fp_two_pi_extended_int=\count128
\l_fp_count_int=\count129
\l_fp_div_offset_int=\count130
\l_fp_exp_integer_int=\count131
\l_fp_exp_decimal_int=\count132
\l_fp_exp_extended_int=\count133
\l_fp_exp_exponent_int=\count134
\l_fp_input_a_sign_int=\count135
\l_fp_input_a_integer_int=\count136
\l_fp_input_a_decimal_int=\count137
\l_fp_input_a_exponent_int=\count138
\l_fp_input_b_sign_int=\count139
\l_fp_input_b_integer_int=\count140
\l_fp_input_b_decimal_int=\count141
\l_fp_input_b_exponent_int=\count142
\l_fp_input_a_extended_int=\count143
\l_fp_input_b_extended_int=\count144
\l_fp_mul_a_i_int=\count145
\l_fp_mul_a_ii_int=\count146
\l_fp_mul_a_iii_int=\count147
\l_fp_mul_a_iv_int=\count148
\l_fp_mul_a_v_int=\count149
\l_fp_mul_a_vi_int=\count150
\l_fp_mul_b_i_int=\count151
\l_fp_mul_b_ii_int=\count152
\l_fp_mul_b_iii_int=\count153
\l_fp_mul_b_iv_int=\count154
\l_fp_mul_b_v_int=\count155
\l_fp_mul_b_vi_int=\count156
\l_fp_mul_output_int=\count157
\l_fp_output_sign_int=\count158
\l_fp_output_integer_int=\count159
\l_fp_output_decimal_int=\count160
\l_fp_output_exponent_int=\count161
\l_fp_output_extended_int=\count162
\l_fp_round_position_int=\count163
\l_fp_round_target_int=\count164
\l_fp_split_sign_int=\count165
\l_fp_tmp_int=\count166
\l_fp_trig_octant_int=\count167
\l_fp_trig_sign_int=\count168
\l_fp_trig_decimal_int=\count169
\l_fp_trig_extended_int=\count170
\l_fp_tmp_dim=\dimen124
\l_fp_tmp_skip=\skip59
)
(/usr/local/texlive/2011/texmf-dist/tex/latex/expl3/l3luatex.sty
Package: l3luatex 2010/07/18 v1985 L3 Experimental LuaTeX functions
\g_cctab_allocate_int=\count171
\g_cctab_stack_int=\count172
)
(/usr/local/texlive/2011/texmf-dist/tex/latex/tools/calc.sty
Package: calc 2007/08/22 v4.3 Infix arithmetic (KKT,FJ)
\calc@Acount=\count173
\calc@Bcount=\count174
\calc@Adimen=\dimen125
\calc@Bdimen=\dimen126
\calc@Askip=\skip60
\calc@Bskip=\skip61
LaTeX Info: Redefining \setlength on input line 76.
LaTeX Info: Redefining \addtolength on input line 77.
\calc@Ccount=\count175
\calc@Cskip=\skip62
))
(/usr/local/texlive/2011/texmf-dist/tex/latex/xpackages/xbase/xparse.sty
Package: xparse 2011/04/08 v2219 Generic document command parser
\c_xparse_shorthands_prop=\toks42
\l_xparse_m_args_int=\count176
\l_xparse_mandatory_args_int=\count177
\l_xparse_processor_int=\count178
\l_xparse_total_args_int=\count179
)
(/usr/local/texlive/2011/texmf-dist/tex/generic/kastrup/binhex.tex)
\l_fontspec_script_int=\count180
\l_fontspec_language_int=\count181
\l_fontspec_strnum_int=\count182
Variant \tl_gset:cV already defined; not changing it on line 83

(/usr/local/texlive/2011/texmf-dist/tex/latex/xkeyval/xkeyval.sty
Package: xkeyval 2008/08/13 v2.6a package option processing (HA)

(/usr/local/texlive/2011/texmf-dist/tex/generic/xkeyval/xkeyval.tex
\XKV@toks=\toks43
\XKV@tempa@toks=\toks44
\XKV@depth=\count183
File: xkeyval.tex 2008/08/13 v2.6a key=value parser (HA)
))
(/usr/local/texlive/2011/texmf-dist/tex/latex/fontspec/fontspec-patches.sty
Package: fontspec-patches 2011/02/26 v2.1f Advanced font selection for XeLaTeX/
LuaLaTeX

(/usr/local/texlive/2011/texmf-dist/tex/latex/base/fixltx2e.sty
Package: fixltx2e 2006/09/13 v1.1m fixes to LaTeX
LaTeX Info: Redefining \em on input line 420.
LaTeX Info: The control sequence `\[' is already robust on input line 471.
LaTeX Info: The control sequence `\]' is already robust on input line 472.
)
LaTeX Info: Redefining \em on input line 22.
LaTeX Info: Redefining \emph on input line 29.
LaTeX Info: Redefining \- on input line 32.
)
(/usr/local/texlive/2011/texmf-dist/tex/latex/base/fontenc.sty
Package: fontenc 2005/09/27 v1.99g Standard LaTeX package

(/usr/local/texlive/2011/texmf-dist/tex/latex/euenc/eu1enc.def
File: eu1enc.def 2010/05/27 v0.1h Experimental Unicode font encodings
)
LaTeX Font Info:    Try loading font information for EU1+lmr on input line 100.


(/usr/local/texlive/2011/texmf-dist/tex/latex/euenc/eu1lmr.fd
File: eu1lmr.fd 2009/10/30 v1.6 Font defs for Latin Modern
))
(/usr/local/texlive/2011/texmf-dist/tex/xelatex/xunicode/xunicode.sty
File: xunicode.sty 2010/11/06 v0.96 provides access to latin accents and many o
ther characters in Unicode lower plane
)
 LaTeX info: Defining document command \fontspec
(LaTeX)  with arg. spec. 'O{}m' on line 335.

 LaTeX info: Defining document command \setmainfont
(LaTeX)  with arg. spec. 'O{}m' on line 339.

 LaTeX info: Defining document command \setsansfont
(LaTeX)  with arg. spec. 'O{}m' on line 343.

 LaTeX info: Defining document command \setmonofont
(LaTeX)  with arg. spec. 'O{}m' on line 347.

 LaTeX info: Defining document command \setmathrm
(LaTeX)  with arg. spec. 'O{}m' on line 351.

 LaTeX info: Defining document command \setboldmathrm
(LaTeX)  with arg. spec. 'O{}m' on line 354.

 LaTeX info: Defining document command \setmathsf
(LaTeX)  with arg. spec. 'O{}m' on line 357.

 LaTeX info: Defining document command \setmathtt
(LaTeX)  with arg. spec. 'O{}m' on line 360.

 LaTeX info: Defining document command \newfontfamily
(LaTeX)  with arg. spec. 'mO{}m' on line 377.

 LaTeX info: Defining document command \newfontface
(LaTeX)  with arg. spec. 'mO{}m' on line 380.

 LaTeX info: Defining document command \defaultfontfeatures
(LaTeX)  with arg. spec. 'm' on line 383.

 LaTeX info: Defining document command \addfontfeatures
(LaTeX)  with arg. spec. 'm' on line 400.

 LaTeX info: Defining document command \newfontfeature
(LaTeX)  with arg. spec. 'mm' on line 407.

 LaTeX info: Defining document command \newAATfeature
(LaTeX)  with arg. spec. 'mmmm' on line 416.

 LaTeX info: Defining document command \newICUfeature
(LaTeX)  with arg. spec. 'mmm' on line 425.

 LaTeX info: Defining document command \aliasfontfeature
(LaTeX)  with arg. spec. 'mm' on line 427.

 LaTeX info: Defining document command \aliasfontfeatureoption
(LaTeX)  with arg. spec. 'mmm' on line 430.

 LaTeX info: Defining document command \newfontscript
(LaTeX)  with arg. spec. 'mm' on line 435.

 LaTeX info: Defining document command \newfontlanguage
(LaTeX)  with arg. spec. 'mm' on line 457.

 LaTeX info: Defining document command \DeclareFontsExtensions
(LaTeX)  with arg. spec. 'm' on line 474.

\c@fontspec_tmp_int=\count184
LaTeX Info: Redefining \itshape on input line 2105.
LaTeX Info: Redefining \slshape on input line 2109.
LaTeX Info: Redefining \scshape on input line 2113.
LaTeX Info: Redefining \upshape on input line 2117.

(/usr/local/texlive/2011/texmf-dist/tex/latex/fontspec/fontspec.cfg))
\xeCJK@cnta=\count185
\xeCJK@cntb=\count186
\xeCJK@cntc=\count187
\xeCJK@cntd=\count188
\xeCJK@cnte=\count189
\xeCJK@dima=\dimen127
LaTeX Info: Redefining \normalfont on input line 853.
LaTeX Info: Redefining \rmfamily on input line 862.
LaTeX Info: Redefining \sffamily on input line 866.
LaTeX Info: Redefining \ttfamily on input line 870.
\xeCJK@featureadded=\count190
)
(./problems.aux)
\openout1 = `problems.aux'.

LaTeX Font Info:    Checking defaults for OML/cmm/m/it on input line 23.
LaTeX Font Info:    ... okay on input line 23.
LaTeX Font Info:    Checking defaults for T1/cmr/m/n on input line 23.
LaTeX Font Info:    ... okay on input line 23.
LaTeX Font Info:    Checking defaults for OT1/cmr/m/n on input line 23.
LaTeX Font Info:    ... okay on input line 23.
LaTeX Font Info:    Checking defaults for OMS/cmsy/m/n on input line 23.
LaTeX Font Info:    ... okay on input line 23.
LaTeX Font Info:    Checking defaults for OMX/cmex/m/n on input line 23.
LaTeX Font Info:    ... okay on input line 23.
LaTeX Font Info:    Checking defaults for U/cmr/m/n on input line 23.
LaTeX Font Info:    ... okay on input line 23.
LaTeX Font Info:    Checking defaults for EU1/lmr/m/n on input line 23.
LaTeX Font Info:    ... okay on input line 23.
 fontspec info: Adjusting the maths setup (use [no-math] to avoid this).

\symlegacymaths=\mathgroup6
LaTeX Font Info:    Overwriting symbol font `legacymaths' in version `bold'
(Font)                  OT1/cmr/m/n --> OT1/cmr/bx/n on input line 23.
LaTeX Font Info:    Redeclaring math accent \acute on input line 23.
LaTeX Font Info:    Redeclaring math accent \grave on input line 23.
LaTeX Font Info:    Redeclaring math accent \ddot on input line 23.
LaTeX Font Info:    Redeclaring math accent \tilde on input line 23.
LaTeX Font Info:    Redeclaring math accent \bar on input line 23.
LaTeX Font Info:    Redeclaring math accent \breve on input line 23.
LaTeX Font Info:    Redeclaring math accent \check on input line 23.
LaTeX Font Info:    Redeclaring math accent \hat on input line 23.
LaTeX Font Info:    Redeclaring math accent \dot on input line 23.
LaTeX Font Info:    Redeclaring math accent \mathring on input line 23.
LaTeX Font Info:    Redeclaring math symbol \Gamma on input line 23.
LaTeX Font Info:    Redeclaring math symbol \Delta on input line 23.
LaTeX Font Info:    Redeclaring math symbol \Theta on input line 23.
LaTeX Font Info:    Redeclaring math symbol \Lambda on input line 23.
LaTeX Font Info:    Redeclaring math symbol \Xi on input line 23.
LaTeX Font Info:    Redeclaring math symbol \Pi on input line 23.
LaTeX Font Info:    Redeclaring math symbol \Sigma on input line 23.
LaTeX Font Info:    Redeclaring math symbol \Upsilon on input line 23.
LaTeX Font Info:    Redeclaring math symbol \Phi on input line 23.
LaTeX Font Info:    Redeclaring math symbol \Psi on input line 23.
LaTeX Font Info:    Redeclaring math symbol \Omega on input line 23.
LaTeX Font Info:    Redeclaring math symbol \mathdollar on input line 23.
LaTeX Font Info:    Redeclaring symbol font `operators' on input line 23.
LaTeX Font Info:    Encoding `OT1' has changed to `EU1' for symbol font
(Font)              `operators' in the math version `normal' on input line 23.
LaTeX Font Info:    Overwriting symbol font `operators' in version `normal'
(Font)                  OT1/cmr/m/n --> EU1/lmr/m/n on input line 23.
LaTeX Font Info:    Encoding `OT1' has changed to `EU1' for symbol font
(Font)              `operators' in the math version `bold' on input line 23.
LaTeX Font Info:    Overwriting symbol font `operators' in version `bold'
(Font)                  OT1/cmr/bx/n --> EU1/lmr/m/n on input line 23.
LaTeX Font Info:    Overwriting symbol font `operators' in version `normal'
(Font)                  EU1/lmr/m/n --> EU1/lmr/m/n on input line 23.
LaTeX Font Info:    Overwriting math alphabet `\mathrm' in version `normal'
(Font)                  EU1/lmr/m/n --> EU1/lmr/m/n on input line 23.
LaTeX Font Info:    Overwriting math alphabet `\mathit' in version `normal'
(Font)                  OT1/cmr/m/it --> EU1/lmr/m/it on input line 23.
LaTeX Font Info:    Overwriting math alphabet `\mathbf' in version `normal'
(Font)                  OT1/cmr/bx/n --> EU1/lmr/bx/n on input line 23.
LaTeX Font Info:    Overwriting math alphabet `\mathsf' in version `normal'
(Font)                  OT1/cmss/m/n --> EU1/lmss/m/n on input line 23.
LaTeX Font Info:    Overwriting math alphabet `\mathtt' in version `normal'
(Font)                  OT1/cmtt/m/n --> EU1/lmtt/m/n on input line 23.
LaTeX Font Info:    Overwriting symbol font `operators' in version `bold'
(Font)                  EU1/lmr/m/n --> EU1/lmr/bx/n on input line 23.
LaTeX Font Info:    Overwriting math alphabet `\mathrm' in version `bold'
(Font)                  EU1/lmr/m/n --> EU1/lmr/bx/n on input line 23.
LaTeX Font Info:    Overwriting math alphabet `\mathit' in version `bold'
(Font)                  OT1/cmr/bx/it --> EU1/lmr/bx/it on input line 23.
LaTeX Font Info:    Overwriting math alphabet `\mathsf' in version `bold'
(Font)                  OT1/cmss/bx/n --> EU1/lmss/bx/n on input line 23.
LaTeX Font Info:    Overwriting math alphabet `\mathtt' in version `bold'
(Font)                  OT1/cmtt/m/n --> EU1/lmtt/bx/n on input line 23.


Package xeCJK Warning: Unknown CJK family `sf' is ignored.
Use \setCJKfamilyfont to define a CJK family. on input line 26.

LaTeX Font Info:    Try loading font information for EU1+lmss on input line 26.

(/usr/local/texlive/2011/texmf-dist/tex/latex/euenc/eu1lmss.fd
File: eu1lmss.fd 2009/10/30 v1.6 Font defs for Latin Modern
)
LaTeX Font Info:    Try loading font information for U+msa on input line 26.

(/usr/local/texlive/2011/texmf-dist/tex/latex/amsfonts/umsa.fd
File: umsa.fd 2009/06/22 v3.00 AMS symbols A
)
LaTeX Font Info:    Try loading font information for U+msb on input line 26.

(/usr/local/texlive/2011/texmf-dist/tex/latex/amsfonts/umsb.fd
File: umsb.fd 2009/06/22 v3.00 AMS symbols B
)
LaTeX Font Info:    Try loading font information for EU1+lmtt on input line 26.


(/usr/local/texlive/2011/texmf-dist/tex/latex/euenc/eu1lmtt.fd
File: eu1lmtt.fd 2009/10/30 v1.6 Font defs for Latin Modern
)
 fontspec info: Font SimSun does not contain any OpenType `Script' information.


\g_fontspec_family_SimSun_int=\count191
 fontspec info: Defining font family 'SimSun(0)' for font 'SimSun' with options
 [BoldFont={Hei}].

\g_fontspec_SimSun(0)_prop=\toks45
 fontspec info: Defining shape 'normal' with NFSS spec.:
(fontspec)  <->"SimSun/ICU:"

 fontspec info: Defining shape 'bold' with NFSS spec.:
(fontspec)  <->"Hei/ICU:"

 fontspec info: Could not resolve font SimSun/I (it probably doesn't exist).

 fontspec info: Could not resolve font Hei/I (it probably doesn't exist).

LaTeX Font Info:    Font shape `EU1/lmtt/bx/n' in size <10.95> not available
(Font)              Font shape `EU1/lmtt/b/n' tried instead on input line 44.
 [1

]
 fontspec info: Font SimSun does not contain any OpenType `Script' information.


 [2

]
[3

] (./problems.aux) ) 
Here is how much of TeX's memory you used:
 12306 strings out of 494150
 208541 string characters out of 3152950
 287267 words of memory out of 3000000
 15395 multiletter control sequences out of 15000+200000
 8408 words of font info for 47 fonts, out of 3000000 for 9000
 1018 hyphenation exceptions out of 8191
 45i,9n,43p,484b,266s stack positions out of 5000i,500n,10000p,200000b,50000s

Output written on problems.pdf (3 pages).
